<?xml version="1.0" encoding="UTF-8"?>
<testng-results ignored="0" total="2" passed="2" failed="0" skipped="0">
  <reporter-output>
  </reporter-output>
  <suite started-at="2023-11-25T07:42:01 IST" name="Suite" finished-at="2023-11-25T07:42:15 IST" duration-ms="14475">
    <groups>
    </groups>
    <test started-at="2023-11-25T07:42:01 IST" name="TestRunner1" finished-at="2023-11-25T07:42:09 IST" duration-ms="8446">
      <class name="PopUps.FileUpload_PopUp">
        <test-method signature="fileUpload_PopUp()[pri:0, instance:PopUps.FileUpload_PopUp@4b29d1d2]" started-at="2023-11-25T07:42:01 IST" name="fileUpload_PopUp" finished-at="2023-11-25T07:42:09 IST" duration-ms="8366" status="PASS">
          <reporter-output>
          </reporter-output>
        </test-method> <!-- fileUpload_PopUp -->
      </class> <!-- PopUps.FileUpload_PopUp -->
    </test> <!-- TestRunner1 -->
    <test started-at="2023-11-25T07:42:09 IST" name="TestRunner2" finished-at="2023-11-25T07:42:15 IST" duration-ms="6009">
      <class name="PopUps.Authentication_PopUp">
        <test-method signature="authentication_PopUp()[pri:0, instance:PopUps.Authentication_PopUp@66982506]" started-at="2023-11-25T07:42:09 IST" name="authentication_PopUp" finished-at="2023-11-25T07:42:15 IST" duration-ms="6004" status="PASS">
          <reporter-output>
          </reporter-output>
        </test-method> <!-- authentication_PopUp -->
      </class> <!-- PopUps.Authentication_PopUp -->
    </test> <!-- TestRunner2 -->
  </suite> <!-- Suite -->
</testng-results>
