<?xml version="1.0" encoding="UTF-8"?>
<!-- Generated by org.testng.reporters.JUnitXMLReporter -->
<testsuite ignored="0" hostname="TYSS-Shobha" failures="0" tests="4" name="Test" time="31.343" errors="0" timestamp="2023-11-23T08:10:00 IST">
  <testcase classname="PopUps.FileUpload_PopUp" name="fileUpload_PopUp" time="10.228"/>
  <testcase classname="PopUps.Authentication_PopUp" name="authentication_PopUp" time="8.104"/>
  <testcase classname="PopUps.BrowserNativePopUp" name="browserNativePopUp" time="2.81"/>
  <testcase classname="pratice.AmazonCssSelector" name="amazonCssSelector" time="10.117"/>
</testsuite> <!-- Test -->
